[debug] [2017-11-08T22:33:01.863Z] ----------------------------------------------------------------------
[debug] [2017-11-08T22:33:01.888Z] Command:       /usr/bin/node /home/aziz/.npm-global/bin/firebase serve
[debug] [2017-11-08T22:33:01.891Z] CLI Version:   3.14.0
[debug] [2017-11-08T22:33:01.891Z] Platform:      linux
[debug] [2017-11-08T22:33:01.892Z] Node Version:  v8.9.0
[debug] [2017-11-08T22:33:01.892Z] Time:          Wed Nov 08 2017 17:33:01 GMT-0500 (EST)
[debug] [2017-11-08T22:33:01.893Z] ----------------------------------------------------------------------
[debug] 
[debug] [2017-11-08T22:33:02.009Z] > command requires scopes: ["email","openid","https://www.googleapis.com/auth/cloudplatformprojects.readonly","https://www.googleapis.com/auth/firebase","https://www.googleapis.com/auth/cloud-platform"]
[debug] [2017-11-08T22:33:02.011Z] > authorizing via signed-in user
[debug] [2017-11-08T22:33:02.046Z] > refreshing access token with scopes: ["email","https://www.googleapis.com/auth/cloud-platform","https://www.googleapis.com/auth/cloudplatformprojects.readonly","https://www.googleapis.com/auth/firebase","openid"]
[debug] [2017-11-08T22:33:02.049Z] >>> HTTP REQUEST POST https://www.googleapis.com/oauth2/v3/token { refresh_token: '1/HgZor-cI3OhRtvdcZqTNI9Yh9MISKsnvOkQxSVY_oUU',
  client_id: '563584335869-fgrhgmd47bqnekij5i8b5pr03ho849e6.apps.googleusercontent.com',
  client_secret: 'j9iVZfS8kkCEFUPaAeJV0sAi',
  grant_type: 'refresh_token',
  scope: 'email https://www.googleapis.com/auth/cloud-platform https://www.googleapis.com/auth/cloudplatformprojects.readonly https://www.googleapis.com/auth/firebase openid' } 
 Wed Nov 08 2017 17:33:02 GMT-0500 (EST)
[debug] [2017-11-08T22:33:02.686Z] <<< HTTP RESPONSE 200
[debug] [2017-11-08T22:33:02.731Z] >>> HTTP REQUEST GET https://admin.firebase.com/v1/projects/friendlychat-7540d  
 Wed Nov 08 2017 17:33:02 GMT-0500 (EST)
[debug] [2017-11-08T22:33:03.197Z] <<< HTTP RESPONSE 200
[debug] [2017-11-08T22:33:03.203Z] >>> HTTP REQUEST GET https://admin.firebase.com/v1/database/friendlychat-7540d/tokens  
 Wed Nov 08 2017 17:33:03 GMT-0500 (EST)
[debug] [2017-11-08T22:33:03.711Z] <<< HTTP RESPONSE 200
[info] 
[info] === Serving from '/home/aziz/Code/friendlychat-web/web-start'...
[info] 
[debug] [2017-11-08T22:33:03.741Z] >>> HTTP REQUEST GET https://cloudresourcemanager.googleapis.com/v1/projects/friendlychat-7540d  
 Wed Nov 08 2017 17:33:03 GMT-0500 (EST)
[debug] [2017-11-08T22:33:04.132Z] <<< HTTP RESPONSE 200
[debug] [2017-11-08T22:33:04.135Z] >>> HTTP REQUEST GET https://mobilesdk-pa.googleapis.com/v1/projects/560519976952/clients/_:getWebAppConfig  
 Wed Nov 08 2017 17:33:04 GMT-0500 (EST)
[debug] [2017-11-08T22:33:04.549Z] <<< HTTP RESPONSE 200
[info] i  hosting: Serving hosting files from: ./
[info] ✔  hosting: Local server: http://localhost:5000

